2025-12-01 08:13:19,979 - INFO - Universe loaded: zqer
2025-12-01 08:13:20,456 - INFO - Player loaded: azerzer from universe zqer
2025-12-01 08:13:20,457 - WARNING - Fichier de sauvegarde introuvable : saves/zqer/zqer.json
2025-12-01 08:13:32,373 - INFO - Universe loaded: zqer
2025-12-01 08:13:32,814 - INFO - Player loaded: azerzer from universe zqer
2025-12-01 08:13:32,815 - WARNING - Fichier de sauvegarde introuvable : saves/zqer/zqer.json
2025-12-01 08:15:20,709 - INFO - Universe loaded: zqer
2025-12-01 08:15:21,130 - INFO - Player loaded: azerzer from universe zqer
2025-12-01 08:15:21,131 - WARNING - Fichier de sauvegarde introuvable : saves/zqer/zqer.json
2025-12-01 08:16:43,544 - INFO - Universe loaded: zqer
2025-12-01 08:16:43,970 - INFO - Player loaded: azerzer from universe zqer
2025-12-01 08:16:43,970 - WARNING - Fichier de sauvegarde introuvable : saves/zqer/zqer.json
2025-12-01 08:27:19,915 - INFO - Universe loaded: zqer
2025-12-01 08:27:20,400 - INFO - Player loaded: azerzer from universe zqer
2025-12-01 08:27:20,405 - WARNING - Fichier de sauvegarde introuvable : saves/zqer/zqer.json
2025-12-06 19:57:01,712 - INFO - Created saves directory: saves
2025-12-06 19:57:05,673 - INFO - Universe created: azer
2025-12-06 19:57:10,194 - INFO - Player created: azer in universe azer
2025-12-06 19:57:10,204 - WARNING - Fichier de sauvegarde introuvable : saves/azer/azer.json
2025-12-06 20:21:48,718 - INFO - Universe loaded: azer
2025-12-06 20:21:49,433 - INFO - Player loaded: azer from universe azer
2025-12-06 20:21:49,433 - WARNING - Fichier de sauvegarde introuvable : saves/azer/azer.json
2025-12-06 20:42:30,634 - INFO - Universe loaded: azer
2025-12-06 20:42:31,097 - INFO - Player loaded: azer from universe azer
2025-12-06 20:42:31,097 - WARNING - Fichier de sauvegarde introuvable : saves/azer/azer.json
2025-12-06 20:43:56,501 - INFO - Universe loaded: azer
2025-12-06 20:43:56,753 - INFO - Player loaded: azer from universe azer
2025-12-06 20:43:56,753 - WARNING - Fichier de sauvegarde introuvable : saves/azer/azer.json
2025-12-06 20:44:13,618 - ERROR - Monde <class 'world.Village2'> non trouvé dans les données d'extensions.
2025-12-06 20:45:08,105 - INFO - Universe loaded: azer
2025-12-06 20:45:08,347 - INFO - Player loaded: azer from universe azer
2025-12-06 20:45:08,348 - WARNING - Fichier de sauvegarde introuvable : saves/azer/azer.json
2025-12-06 20:54:06,873 - INFO - Universe loaded: azer
2025-12-06 20:54:07,113 - INFO - Player loaded: azer from universe azer
2025-12-06 20:54:07,114 - WARNING - Fichier de sauvegarde introuvable : saves/azer/azer.json
2025-12-06 20:57:42,971 - INFO - Universe loaded: azer
2025-12-06 20:57:43,191 - INFO - Player loaded: azer from universe azer
2025-12-06 20:57:43,191 - WARNING - Fichier de sauvegarde introuvable : saves/azer/azer.json
2025-12-06 20:57:57,879 - ERROR - Monde Theatre non trouvé dans les données d'extensions.
2025-12-06 20:59:24,497 - INFO - Universe loaded: azer
2025-12-06 20:59:24,708 - INFO - Player loaded: azer from universe azer
2025-12-06 20:59:24,708 - WARNING - Fichier de sauvegarde introuvable : saves/azer/azer.json
2025-12-06 21:01:16,579 - INFO - Universe loaded: azer
2025-12-06 21:01:16,798 - INFO - Player loaded: azer from universe azer
2025-12-06 21:01:16,798 - WARNING - Fichier de sauvegarde introuvable : saves/azer/azer.json
2025-12-06 21:02:01,585 - INFO - Universe loaded: azer
2025-12-06 21:02:01,806 - INFO - Player loaded: azer from universe azer
2025-12-06 21:02:01,806 - WARNING - Fichier de sauvegarde introuvable : saves/azer/azer.json
2025-12-06 21:02:25,713 - INFO - Universe loaded: azer
2025-12-06 21:02:25,933 - INFO - Player loaded: azer from universe azer
2025-12-06 21:02:25,934 - WARNING - Fichier de sauvegarde introuvable : saves/azer/azer.json
2025-12-06 21:02:39,062 - ERROR - Monde Theatre non trouvé dans les données d'extensions.
2025-12-06 21:04:15,139 - INFO - Universe loaded: azer
2025-12-06 21:04:15,573 - INFO - Player loaded: azer from universe azer
2025-12-06 21:04:15,573 - WARNING - Fichier de sauvegarde introuvable : saves/azer/azer.json
2025-12-06 21:04:25,674 - ERROR - Monde Theatre non trouvé dans les données d'extensions.
2025-12-06 21:06:11,079 - INFO - Universe loaded: azer
2025-12-06 21:06:11,311 - INFO - Player loaded: azer from universe azer
2025-12-06 21:06:11,312 - WARNING - Fichier de sauvegarde introuvable : saves/azer/azer.json
2025-12-06 21:06:22,754 - ERROR - Monde Theatre non trouvé dans les données d'extensions.
2025-12-06 21:08:26,819 - INFO - Universe loaded: azer
2025-12-06 21:08:27,059 - INFO - Player loaded: azer from universe azer
2025-12-06 21:08:27,059 - WARNING - Fichier de sauvegarde introuvable : saves/azer/azer.json
2025-12-06 21:08:49,426 - ERROR - Monde Theatre non trouvé dans les données d'extensions.
2025-12-06 21:11:22,382 - INFO - Universe loaded: azer
2025-12-06 21:11:22,678 - INFO - Player loaded: azer from universe azer
2025-12-06 21:11:22,679 - WARNING - Fichier de sauvegarde introuvable : saves/azer/azer.json
2025-12-06 21:12:42,690 - INFO - Universe loaded: azer
2025-12-06 21:12:42,894 - INFO - Player loaded: azer from universe azer
2025-12-06 21:12:42,895 - WARNING - Fichier de sauvegarde introuvable : saves/azer/azer.json
2025-12-06 21:13:52,517 - INFO - Universe loaded: azer
2025-12-06 21:13:52,794 - INFO - Player loaded: azer from universe azer
2025-12-06 21:13:52,795 - WARNING - Fichier de sauvegarde introuvable : saves/azer/azer.json
2025-12-06 21:14:59,741 - INFO - Universe loaded: azer
2025-12-06 21:14:59,993 - INFO - Player loaded: azer from universe azer
2025-12-06 21:14:59,993 - WARNING - Fichier de sauvegarde introuvable : saves/azer/azer.json
2025-12-06 21:15:29,056 - INFO - Universe loaded: azer
2025-12-06 21:15:29,315 - INFO - Player loaded: azer from universe azer
2025-12-06 21:15:29,315 - WARNING - Fichier de sauvegarde introuvable : saves/azer/azer.json
2025-12-06 21:15:52,922 - INFO - Universe loaded: azer
2025-12-06 21:15:53,309 - INFO - Player loaded: azer from universe azer
2025-12-06 21:15:53,309 - WARNING - Fichier de sauvegarde introuvable : saves/azer/azer.json
2025-12-06 21:16:09,460 - INFO - Universe loaded: azer
2025-12-06 21:16:09,800 - INFO - Player loaded: azer from universe azer
2025-12-06 21:16:09,800 - WARNING - Fichier de sauvegarde introuvable : saves/azer/azer.json
2025-12-06 21:16:21,689 - INFO - Universe loaded: azer
2025-12-06 21:16:21,923 - INFO - Player loaded: azer from universe azer
2025-12-06 21:16:21,924 - WARNING - Fichier de sauvegarde introuvable : saves/azer/azer.json
2025-12-06 21:16:43,863 - INFO - Universe loaded: azer
2025-12-06 21:16:44,071 - INFO - Player loaded: azer from universe azer
2025-12-06 21:16:44,072 - WARNING - Fichier de sauvegarde introuvable : saves/azer/azer.json
2025-12-06 21:19:12,134 - INFO - Universe loaded: azer
2025-12-06 21:19:12,426 - INFO - Player loaded: azer from universe azer
2025-12-06 21:19:12,426 - WARNING - Fichier de sauvegarde introuvable : saves/azer/azer.json
2025-12-06 21:21:11,942 - INFO - Universe loaded: azer
2025-12-06 21:21:12,227 - INFO - Player loaded: azer from universe azer
2025-12-06 21:21:12,227 - WARNING - Fichier de sauvegarde introuvable : saves/azer/azer.json
2025-12-06 21:21:23,044 - INFO - Universe loaded: azer
2025-12-06 21:21:23,314 - INFO - Player loaded: azer from universe azer
2025-12-06 21:21:23,314 - WARNING - Fichier de sauvegarde introuvable : saves/azer/azer.json
2025-12-06 21:21:53,762 - INFO - Universe loaded: azer
2025-12-06 21:21:54,156 - INFO - Player loaded: azer from universe azer
2025-12-06 21:21:54,156 - WARNING - Fichier de sauvegarde introuvable : saves/azer/azer.json
2025-12-06 21:22:18,633 - INFO - Universe loaded: azer
2025-12-06 21:22:18,887 - INFO - Player loaded: azer from universe azer
2025-12-06 21:22:18,887 - WARNING - Fichier de sauvegarde introuvable : saves/azer/azer.json
2025-12-06 21:23:09,532 - INFO - Universe loaded: azer
2025-12-06 21:23:09,796 - INFO - Player loaded: azer from universe azer
2025-12-06 21:23:09,797 - WARNING - Fichier de sauvegarde introuvable : saves/azer/azer.json
2025-12-06 21:24:33,406 - INFO - Universe loaded: azer
2025-12-06 21:24:33,611 - INFO - Player loaded: azer from universe azer
2025-12-06 21:24:33,611 - WARNING - Fichier de sauvegarde introuvable : saves/azer/azer.json
2025-12-06 21:25:09,776 - INFO - Universe loaded: azer
2025-12-06 21:25:09,986 - INFO - Player loaded: azer from universe azer
2025-12-06 21:25:09,986 - WARNING - Fichier de sauvegarde introuvable : saves/azer/azer.json
2025-12-06 21:28:05,007 - INFO - Universe loaded: azer
2025-12-06 21:28:05,214 - INFO - Player loaded: azer from universe azer
2025-12-06 21:28:05,214 - WARNING - Fichier de sauvegarde introuvable : saves/azer/azer.json
2025-12-06 21:28:21,325 - INFO - Universe loaded: azer
2025-12-06 21:28:22,121 - INFO - Player loaded: azer from universe azer
2025-12-06 21:28:22,121 - WARNING - Fichier de sauvegarde introuvable : saves/azer/azer.json
2025-12-06 21:30:26,158 - INFO - Universe loaded: azer
2025-12-06 21:30:26,408 - INFO - Player loaded: azer from universe azer
2025-12-06 21:30:26,408 - WARNING - Fichier de sauvegarde introuvable : saves/azer/azer.json
2025-12-06 21:31:18,109 - INFO - Universe loaded: azer
2025-12-06 21:31:18,323 - INFO - Player loaded: azer from universe azer
2025-12-06 21:31:18,323 - WARNING - Fichier de sauvegarde introuvable : saves/azer/azer.json
2025-12-06 21:31:36,081 - INFO - Universe loaded: azer
2025-12-06 21:31:36,343 - INFO - Player loaded: azer from universe azer
2025-12-06 21:31:36,343 - WARNING - Fichier de sauvegarde introuvable : saves/azer/azer.json
2025-12-06 21:31:55,973 - INFO - Universe loaded: azer
2025-12-06 21:31:56,173 - INFO - Player loaded: azer from universe azer
2025-12-06 21:31:56,174 - WARNING - Fichier de sauvegarde introuvable : saves/azer/azer.json
2025-12-06 22:02:30,611 - INFO - Universe loaded: azer
2025-12-06 22:02:30,921 - INFO - Player loaded: azer from universe azer
2025-12-06 22:02:30,922 - WARNING - Fichier de sauvegarde introuvable : saves/azer/azer.json
2025-12-06 22:02:55,253 - INFO - Universe loaded: azer
2025-12-06 22:02:55,512 - INFO - Player loaded: azer from universe azer
2025-12-06 22:02:55,513 - WARNING - Fichier de sauvegarde introuvable : saves/azer/azer.json
2025-12-06 22:03:17,766 - INFO - Universe loaded: azer
2025-12-06 22:03:18,050 - INFO - Player loaded: azer from universe azer
2025-12-06 22:03:18,050 - WARNING - Fichier de sauvegarde introuvable : saves/azer/azer.json
2025-12-06 22:03:37,075 - INFO - Universe loaded: azer
2025-12-06 22:03:37,350 - INFO - Player loaded: azer from universe azer
2025-12-06 22:03:37,350 - WARNING - Fichier de sauvegarde introuvable : saves/azer/azer.json
2025-12-06 22:04:02,618 - INFO - Universe loaded: azer
2025-12-06 22:04:02,899 - INFO - Player loaded: azer from universe azer
2025-12-06 22:04:02,899 - WARNING - Fichier de sauvegarde introuvable : saves/azer/azer.json
2025-12-06 22:05:39,478 - INFO - Universe loaded: azer
2025-12-06 22:05:39,746 - INFO - Player loaded: azer from universe azer
2025-12-06 22:05:39,746 - WARNING - Fichier de sauvegarde introuvable : saves/azer/azer.json
2025-12-06 22:05:50,184 - INFO - Universe loaded: azer
2025-12-06 22:05:50,417 - INFO - Player loaded: azer from universe azer
2025-12-06 22:05:50,418 - WARNING - Fichier de sauvegarde introuvable : saves/azer/azer.json
2025-12-06 22:07:30,175 - INFO - Universe loaded: azer
2025-12-06 22:07:30,453 - INFO - Player loaded: azer from universe azer
2025-12-06 22:07:30,454 - WARNING - Fichier de sauvegarde introuvable : saves/azer/azer.json
2025-12-06 22:07:55,542 - INFO - Universe loaded: azer
2025-12-06 22:07:55,823 - INFO - Player loaded: azer from universe azer
2025-12-06 22:07:55,824 - WARNING - Fichier de sauvegarde introuvable : saves/azer/azer.json
2025-12-06 22:08:31,573 - INFO - Universe loaded: azer
2025-12-06 22:08:32,225 - INFO - Player loaded: azer from universe azer
2025-12-06 22:08:32,225 - WARNING - Fichier de sauvegarde introuvable : saves/azer/azer.json
2025-12-06 22:08:41,796 - INFO - Universe loaded: azer
2025-12-06 22:08:42,034 - INFO - Player loaded: azer from universe azer
2025-12-06 22:08:42,034 - WARNING - Fichier de sauvegarde introuvable : saves/azer/azer.json
2025-12-06 22:10:18,636 - INFO - Universe loaded: azer
2025-12-06 22:10:18,852 - INFO - Player loaded: azer from universe azer
2025-12-06 22:10:18,852 - WARNING - Fichier de sauvegarde introuvable : saves/azer/azer.json
2025-12-06 22:13:22,452 - INFO - Universe loaded: azer
2025-12-06 22:13:22,670 - INFO - Player loaded: azer from universe azer
2025-12-06 22:13:22,671 - WARNING - Fichier de sauvegarde introuvable : saves/azer/azer.json
2025-12-06 22:16:27,850 - INFO - Universe loaded: azer
2025-12-06 22:16:28,063 - INFO - Player loaded: azer from universe azer
2025-12-06 22:16:28,063 - WARNING - Fichier de sauvegarde introuvable : saves/azer/azer.json
2025-12-06 22:18:07,114 - INFO - Universe loaded: azer
2025-12-06 22:18:07,361 - INFO - Player loaded: azer from universe azer
2025-12-06 22:18:07,361 - WARNING - Fichier de sauvegarde introuvable : saves/azer/azer.json
2025-12-06 22:19:26,253 - INFO - Universe loaded: azer
2025-12-06 22:19:26,498 - INFO - Player loaded: azer from universe azer
2025-12-06 22:19:26,499 - WARNING - Fichier de sauvegarde introuvable : saves/azer/azer.json
2025-12-06 22:21:10,773 - INFO - Universe loaded: azer
2025-12-06 22:21:11,069 - INFO - Player loaded: azer from universe azer
2025-12-06 22:21:11,069 - WARNING - Fichier de sauvegarde introuvable : saves/azer/azer.json
2025-12-06 22:21:45,590 - INFO - Universe loaded: azer
2025-12-06 22:21:45,831 - INFO - Player loaded: azer from universe azer
2025-12-06 22:21:45,832 - WARNING - Fichier de sauvegarde introuvable : saves/azer/azer.json
2025-12-06 22:22:04,053 - INFO - Universe loaded: azer
2025-12-06 22:22:04,417 - INFO - Player loaded: azer from universe azer
2025-12-06 22:22:04,417 - WARNING - Fichier de sauvegarde introuvable : saves/azer/azer.json
2025-12-06 22:22:16,538 - INFO - Universe loaded: azer
2025-12-06 22:22:17,482 - INFO - Player loaded: azer from universe azer
2025-12-06 22:22:17,482 - WARNING - Fichier de sauvegarde introuvable : saves/azer/azer.json
2025-12-07 16:12:44,644 - INFO - Universe loaded: azer
2025-12-07 16:12:44,884 - INFO - Player loaded: azer from universe azer
2025-12-07 16:12:44,886 - WARNING - Fichier de sauvegarde introuvable : saves/azer/azer.json
2025-12-07 16:13:44,712 - INFO - Universe loaded: azer
2025-12-07 16:13:44,966 - INFO - Player loaded: azer from universe azer
2025-12-07 16:13:44,967 - WARNING - Fichier de sauvegarde introuvable : saves/azer/azer.json
2025-12-07 16:14:01,689 - INFO - Universe loaded: azer
2025-12-07 16:14:01,912 - INFO - Player loaded: azer from universe azer
2025-12-07 16:14:01,912 - WARNING - Fichier de sauvegarde introuvable : saves/azer/azer.json
2025-12-07 16:14:27,387 - INFO - Universe loaded: azer
2025-12-07 16:14:27,669 - INFO - Player loaded: azer from universe azer
2025-12-07 16:14:27,669 - WARNING - Fichier de sauvegarde introuvable : saves/azer/azer.json
2025-12-07 16:14:50,545 - INFO - Universe loaded: azer
2025-12-07 16:14:50,800 - INFO - Player loaded: azer from universe azer
2025-12-07 16:14:50,800 - WARNING - Fichier de sauvegarde introuvable : saves/azer/azer.json
2025-12-07 16:15:22,124 - INFO - Universe loaded: azer
2025-12-07 16:15:22,388 - INFO - Player loaded: azer from universe azer
2025-12-07 16:15:22,389 - WARNING - Fichier de sauvegarde introuvable : saves/azer/azer.json
2025-12-07 16:17:19,162 - INFO - Universe loaded: azer
2025-12-07 16:17:19,368 - INFO - Player loaded: azer from universe azer
2025-12-07 16:17:19,369 - WARNING - Fichier de sauvegarde introuvable : saves/azer/azer.json
2025-12-07 16:17:59,783 - INFO - Universe loaded: azer
2025-12-07 16:18:00,172 - INFO - Player loaded: azer from universe azer
2025-12-07 16:18:00,173 - WARNING - Fichier de sauvegarde introuvable : saves/azer/azer.json
2025-12-07 16:19:07,218 - INFO - Universe loaded: azer
2025-12-07 16:19:07,437 - INFO - Player loaded: azer from universe azer
2025-12-07 16:19:07,437 - WARNING - Fichier de sauvegarde introuvable : saves/azer/azer.json
2025-12-07 16:19:43,120 - INFO - Universe loaded: azer
2025-12-07 16:19:43,399 - INFO - Player loaded: azer from universe azer
2025-12-07 16:19:43,399 - WARNING - Fichier de sauvegarde introuvable : saves/azer/azer.json
2025-12-07 16:20:15,434 - INFO - Universe loaded: azer
2025-12-07 16:20:16,029 - INFO - Player loaded: azer from universe azer
2025-12-07 16:20:16,030 - WARNING - Fichier de sauvegarde introuvable : saves/azer/azer.json
2025-12-07 16:22:05,640 - INFO - Universe loaded: azer
2025-12-07 16:22:06,033 - INFO - Player loaded: azer from universe azer
2025-12-07 16:22:06,033 - WARNING - Fichier de sauvegarde introuvable : saves/azer/azer.json
2025-12-07 16:22:53,552 - INFO - Universe loaded: azer
2025-12-07 16:22:53,894 - INFO - Player loaded: azer from universe azer
2025-12-07 16:22:53,894 - WARNING - Fichier de sauvegarde introuvable : saves/azer/azer.json
2025-12-07 16:26:50,237 - INFO - Universe loaded: azer
2025-12-07 16:26:50,500 - INFO - Player loaded: azer from universe azer
2025-12-07 16:26:50,500 - WARNING - Fichier de sauvegarde introuvable : saves/azer/azer.json
2025-12-07 16:30:19,943 - INFO - Universe loaded: azer
2025-12-07 16:30:20,242 - INFO - Player loaded: azer from universe azer
2025-12-07 16:30:20,243 - WARNING - Fichier de sauvegarde introuvable : saves/azer/azer.json
2025-12-07 16:31:21,525 - INFO - Universe loaded: azer
2025-12-07 16:31:21,746 - INFO - Player loaded: azer from universe azer
2025-12-07 16:31:21,747 - WARNING - Fichier de sauvegarde introuvable : saves/azer/azer.json
